[0907/201007.643:INFO:crashpad_lib_loader.cc(80)] Crashpad lib path: C:\Program Files (x86)\Dropbox\Client\231.4.5770\dropbox_crashpad.dll
[0907/201007.646:INFO:crashpad_lib_loader.cc(112)] AddSimpleAnnotation electron_version:19.1.9-dropbox.20240827.b5a386072b.c820295eed39.0
[0907/201007.646:ERROR:crashpad_lib_loader.cc(169)] No crashpad annotations provided
[0907/201202.375:INFO:crashpad_lib_loader.cc(80)] Crashpad lib path: C:\Program Files (x86)\Dropbox\Client\231.4.5770\dropbox_crashpad.dll
[0907/201202.378:INFO:crashpad_lib_loader.cc(112)] AddSimpleAnnotation electron_version:19.1.9-dropbox.20240827.b5a386072b.c820295eed39.0
[0907/201202.378:ERROR:crashpad_lib_loader.cc(169)] No crashpad annotations provided
[0907/222717.199:INFO:crashpad_lib_loader.cc(80)] Crashpad lib path: C:\Program Files (x86)\Dropbox\Client\231.4.5770\dropbox_crashpad.dll
[0907/222717.201:INFO:crashpad_lib_loader.cc(112)] AddSimpleAnnotation electron_version:19.1.9-dropbox.20240827.b5a386072b.c820295eed39.0
[0907/222717.201:ERROR:crashpad_lib_loader.cc(169)] No crashpad annotations provided
[0907/222917.098:INFO:crashpad_lib_loader.cc(80)] Crashpad lib path: C:\Program Files (x86)\Dropbox\Client\231.4.5770\dropbox_crashpad.dll
[0907/222917.100:INFO:crashpad_lib_loader.cc(112)] AddSimpleAnnotation electron_version:19.1.9-dropbox.20240827.b5a386072b.c820295eed39.0
[0907/222917.101:INFO:crashpad_lib_loader.cc(112)] AddSimpleAnnotation product_name:desktop_client
[0907/222917.101:INFO:crashpad_lib_loader.cc(112)] AddSimpleAnnotation buildid:main
[0907/222917.101:INFO:crashpad_lib_loader.cc(112)] AddSimpleAnnotation buildno:Dropbox-win-231.4.5770
[0907/222917.101:INFO:crashpad_lib_loader.cc(112)] AddSimpleAnnotation platform:win
[0907/222917.101:INFO:crashpad_lib_loader.cc(112)] AddSimpleAnnotation platform_version:11 26100
[0907/224424.527:INFO:crashpad_lib_loader.cc(80)] Crashpad lib path: C:\Program Files (x86)\Dropbox\Client\231.4.5770\dropbox_crashpad.dll
[0907/224424.532:INFO:crashpad_lib_loader.cc(112)] AddSimpleAnnotation electron_version:19.1.9-dropbox.20240827.b5a386072b.c820295eed39.0
[0907/224424.532:ERROR:crashpad_lib_loader.cc(169)] No crashpad annotations provided
[0907/224624.413:INFO:crashpad_lib_loader.cc(80)] Crashpad lib path: C:\Program Files (x86)\Dropbox\Client\231.4.5770\dropbox_crashpad.dll
[0907/224624.415:INFO:crashpad_lib_loader.cc(112)] AddSimpleAnnotation electron_version:19.1.9-dropbox.20240827.b5a386072b.c820295eed39.0
[0907/224624.415:INFO:crashpad_lib_loader.cc(112)] AddSimpleAnnotation product_name:desktop_client
[0907/224624.417:INFO:crashpad_lib_loader.cc(112)] AddSimpleAnnotation buildid:main
[0907/224624.417:INFO:crashpad_lib_loader.cc(112)] AddSimpleAnnotation buildno:Dropbox-win-231.4.5770
[0907/224624.417:INFO:crashpad_lib_loader.cc(112)] AddSimpleAnnotation platform:win
[0907/224624.417:INFO:crashpad_lib_loader.cc(112)] AddSimpleAnnotation platform_version:11 26100
[0907/224958.895:INFO:crashpad_lib_loader.cc(80)] Crashpad lib path: C:\Program Files (x86)\Dropbox\Client\231.4.5770\dropbox_crashpad.dll
[0907/224958.898:INFO:crashpad_lib_loader.cc(112)] AddSimpleAnnotation electron_version:19.1.9-dropbox.20240827.b5a386072b.c820295eed39.0
[0907/224958.898:ERROR:crashpad_lib_loader.cc(169)] No crashpad annotations provided
[0908/092328.955:INFO:crashpad_lib_loader.cc(80)] Crashpad lib path: C:\Program Files (x86)\Dropbox\Client\231.4.5770\dropbox_crashpad.dll
[0908/092328.971:INFO:crashpad_lib_loader.cc(112)] AddSimpleAnnotation electron_version:19.1.9-dropbox.20240827.b5a386072b.c820295eed39.0
[0908/092328.971:ERROR:crashpad_lib_loader.cc(169)] No crashpad annotations provided
[0908/092346.558:INFO:crashpad_lib_loader.cc(80)] Crashpad lib path: C:\Program Files (x86)\Dropbox\Client\231.4.5770\dropbox_crashpad.dll
[0908/092346.558:INFO:crashpad_lib_loader.cc(112)] AddSimpleAnnotation electron_version:19.1.9-dropbox.20240827.b5a386072b.c820295eed39.0
[0908/092346.558:ERROR:crashpad_lib_loader.cc(169)] No crashpad annotations provided
[0908/092546.499:INFO:crashpad_lib_loader.cc(80)] Crashpad lib path: C:\Program Files (x86)\Dropbox\Client\231.4.5770\dropbox_crashpad.dll
[0908/092546.501:INFO:crashpad_lib_loader.cc(112)] AddSimpleAnnotation electron_version:19.1.9-dropbox.20240827.b5a386072b.c820295eed39.0
[0908/092546.501:INFO:crashpad_lib_loader.cc(112)] AddSimpleAnnotation product_name:desktop_client
[0908/092546.501:INFO:crashpad_lib_loader.cc(112)] AddSimpleAnnotation buildid:main
[0908/092546.501:INFO:crashpad_lib_loader.cc(112)] AddSimpleAnnotation buildno:Dropbox-win-231.4.5770
[0908/092546.501:INFO:crashpad_lib_loader.cc(112)] AddSimpleAnnotation platform:win
[0908/092546.501:INFO:crashpad_lib_loader.cc(112)] AddSimpleAnnotation platform_version:11 26100
[0908/094713.223:INFO:crashpad_lib_loader.cc(80)] Crashpad lib path: C:\Program Files (x86)\Dropbox\Client\231.4.5770\dropbox_crashpad.dll
[0908/094713.225:INFO:crashpad_lib_loader.cc(112)] AddSimpleAnnotation electron_version:19.1.9-dropbox.20240827.b5a386072b.c820295eed39.0
[0908/094713.225:ERROR:crashpad_lib_loader.cc(169)] No crashpad annotations provided
[0908/094913.146:INFO:crashpad_lib_loader.cc(80)] Crashpad lib path: C:\Program Files (x86)\Dropbox\Client\231.4.5770\dropbox_crashpad.dll
[0908/094913.148:INFO:crashpad_lib_loader.cc(112)] AddSimpleAnnotation electron_version:19.1.9-dropbox.20240827.b5a386072b.c820295eed39.0
[0908/094913.148:INFO:crashpad_lib_loader.cc(112)] AddSimpleAnnotation product_name:desktop_client
[0908/094913.148:INFO:crashpad_lib_loader.cc(112)] AddSimpleAnnotation buildid:main
[0908/094913.148:INFO:crashpad_lib_loader.cc(112)] AddSimpleAnnotation buildno:Dropbox-win-231.4.5770
[0908/094913.148:INFO:crashpad_lib_loader.cc(112)] AddSimpleAnnotation platform:win
[0908/094913.148:INFO:crashpad_lib_loader.cc(112)] AddSimpleAnnotation platform_version:11 26100
[0908/100302.187:INFO:crashpad_lib_loader.cc(80)] Crashpad lib path: C:\Program Files (x86)\Dropbox\Client\231.4.5770\dropbox_crashpad.dll
[0908/100302.189:INFO:crashpad_lib_loader.cc(112)] AddSimpleAnnotation electron_version:19.1.9-dropbox.20240827.b5a386072b.c820295eed39.0
[0908/100302.189:ERROR:crashpad_lib_loader.cc(169)] No crashpad annotations provided
[0908/100354.959:INFO:crashpad_lib_loader.cc(80)] Crashpad lib path: C:\Program Files (x86)\Dropbox\Client\231.4.5770\dropbox_crashpad.dll
[0908/100354.960:INFO:crashpad_lib_loader.cc(112)] AddSimpleAnnotation electron_version:19.1.9-dropbox.20240827.b5a386072b.c820295eed39.0
[0908/100354.960:ERROR:crashpad_lib_loader.cc(169)] No crashpad annotations provided
[0908/100554.905:INFO:crashpad_lib_loader.cc(80)] Crashpad lib path: C:\Program Files (x86)\Dropbox\Client\231.4.5770\dropbox_crashpad.dll
[0908/100554.906:INFO:crashpad_lib_loader.cc(112)] AddSimpleAnnotation electron_version:19.1.9-dropbox.20240827.b5a386072b.c820295eed39.0
[0908/100554.906:INFO:crashpad_lib_loader.cc(112)] AddSimpleAnnotation product_name:desktop_client
[0908/100554.906:INFO:crashpad_lib_loader.cc(112)] AddSimpleAnnotation buildid:main
[0908/100554.906:INFO:crashpad_lib_loader.cc(112)] AddSimpleAnnotation buildno:Dropbox-win-231.4.5770
[0908/100554.906:INFO:crashpad_lib_loader.cc(112)] AddSimpleAnnotation platform:win
[0908/100554.906:INFO:crashpad_lib_loader.cc(112)] AddSimpleAnnotation platform_version:11 26100
[0908/101153.375:INFO:crashpad_lib_loader.cc(80)] Crashpad lib path: C:\Program Files (x86)\Dropbox\Client\231.4.5770\dropbox_crashpad.dll
[0908/101153.377:INFO:crashpad_lib_loader.cc(112)] AddSimpleAnnotation electron_version:19.1.9-dropbox.20240827.b5a386072b.c820295eed39.0
[0908/101153.377:ERROR:crashpad_lib_loader.cc(169)] No crashpad annotations provided
[0908/101202.060:INFO:crashpad_lib_loader.cc(80)] Crashpad lib path: C:\Program Files (x86)\Dropbox\Client\231.4.5770\dropbox_crashpad.dll
[0908/101202.062:INFO:crashpad_lib_loader.cc(112)] AddSimpleAnnotation electron_version:19.1.9-dropbox.20240827.b5a386072b.c820295eed39.0
[0908/101202.062:ERROR:crashpad_lib_loader.cc(169)] No crashpad annotations provided
[0908/101219.105:INFO:crashpad_lib_loader.cc(80)] Crashpad lib path: C:\Program Files (x86)\Dropbox\Client\231.4.5770\dropbox_crashpad.dll
[0908/101219.107:INFO:crashpad_lib_loader.cc(112)] AddSimpleAnnotation electron_version:19.1.9-dropbox.20240827.b5a386072b.c820295eed39.0
[0908/101219.107:ERROR:crashpad_lib_loader.cc(169)] No crashpad annotations provided
[0908/101419.052:INFO:crashpad_lib_loader.cc(80)] Crashpad lib path: C:\Program Files (x86)\Dropbox\Client\231.4.5770\dropbox_crashpad.dll
[0908/101419.054:INFO:crashpad_lib_loader.cc(112)] AddSimpleAnnotation electron_version:19.1.9-dropbox.20240827.b5a386072b.c820295eed39.0
[0908/101419.054:INFO:crashpad_lib_loader.cc(112)] AddSimpleAnnotation product_name:desktop_client
[0908/101419.054:INFO:crashpad_lib_loader.cc(112)] AddSimpleAnnotation buildid:main
[0908/101419.054:INFO:crashpad_lib_loader.cc(112)] AddSimpleAnnotation buildno:Dropbox-win-231.4.5770
[0908/101419.054:INFO:crashpad_lib_loader.cc(112)] AddSimpleAnnotation platform:win
[0908/101419.054:INFO:crashpad_lib_loader.cc(112)] AddSimpleAnnotation platform_version:11 26100
[0908/181252.033:INFO:crashpad_lib_loader.cc(80)] Crashpad lib path: C:\Program Files (x86)\Dropbox\Client\231.4.5770\dropbox_crashpad.dll
[0908/181252.037:INFO:crashpad_lib_loader.cc(112)] AddSimpleAnnotation electron_version:19.1.9-dropbox.20240827.b5a386072b.c820295eed39.0
[0908/181252.037:ERROR:crashpad_lib_loader.cc(169)] No crashpad annotations provided
[0908/181328.475:INFO:crashpad_lib_loader.cc(80)] Crashpad lib path: C:\Program Files (x86)\Dropbox\Client\231.4.5770\dropbox_crashpad.dll
[0908/181328.478:INFO:crashpad_lib_loader.cc(112)] AddSimpleAnnotation electron_version:19.1.9-dropbox.20240827.b5a386072b.c820295eed39.0
[0908/181328.478:ERROR:crashpad_lib_loader.cc(169)] No crashpad annotations provided
[0909/091703.785:INFO:crashpad_lib_loader.cc(80)] Crashpad lib path: C:\Program Files (x86)\Dropbox\Client\231.4.5770\dropbox_crashpad.dll
[0909/091703.788:INFO:crashpad_lib_loader.cc(112)] AddSimpleAnnotation electron_version:19.1.9-dropbox.20240827.b5a386072b.c820295eed39.0
[0909/091703.788:ERROR:crashpad_lib_loader.cc(169)] No crashpad annotations provided
[0909/091812.816:INFO:crashpad_lib_loader.cc(80)] Crashpad lib path: C:\Program Files (x86)\Dropbox\Client\231.4.5770\dropbox_crashpad.dll
[0909/091812.817:INFO:crashpad_lib_loader.cc(112)] AddSimpleAnnotation electron_version:19.1.9-dropbox.20240827.b5a386072b.c820295eed39.0
[0909/091812.817:ERROR:crashpad_lib_loader.cc(169)] No crashpad annotations provided
[0909/092955.440:INFO:crashpad_lib_loader.cc(80)] Crashpad lib path: C:\Program Files (x86)\Dropbox\Client\231.4.5770\dropbox_crashpad.dll
[0909/092955.443:INFO:crashpad_lib_loader.cc(112)] AddSimpleAnnotation electron_version:19.1.9-dropbox.20240827.b5a386072b.c820295eed39.0
[0909/092955.443:ERROR:crashpad_lib_loader.cc(169)] No crashpad annotations provided
[0909/093155.359:INFO:crashpad_lib_loader.cc(80)] Crashpad lib path: C:\Program Files (x86)\Dropbox\Client\231.4.5770\dropbox_crashpad.dll
[0909/093155.360:INFO:crashpad_lib_loader.cc(112)] AddSimpleAnnotation electron_version:19.1.9-dropbox.20240827.b5a386072b.c820295eed39.0
[0909/093155.360:INFO:crashpad_lib_loader.cc(112)] AddSimpleAnnotation product_name:desktop_client
[0909/093155.360:INFO:crashpad_lib_loader.cc(112)] AddSimpleAnnotation buildid:main
[0909/093155.360:INFO:crashpad_lib_loader.cc(112)] AddSimpleAnnotation buildno:Dropbox-win-231.4.5770
[0909/093155.360:INFO:crashpad_lib_loader.cc(112)] AddSimpleAnnotation platform:win
[0909/093155.360:INFO:crashpad_lib_loader.cc(112)] AddSimpleAnnotation platform_version:11 26100
[0912/153429.589:INFO:crashpad_lib_loader.cc(80)] Crashpad lib path: C:\Program Files (x86)\Dropbox\Client\232.4.5926\dropbox_crashpad.dll
[0912/153429.590:INFO:crashpad_lib_loader.cc(112)] AddSimpleAnnotation electron_version:19.1.9-dropbox.20240827.b5a386072b.c820295eed39.0
[0912/153429.590:ERROR:crashpad_lib_loader.cc(169)] No crashpad annotations provided
[0912/153542.131:INFO:crashpad_lib_loader.cc(80)] Crashpad lib path: C:\Program Files (x86)\Dropbox\Client\232.4.5926\dropbox_crashpad.dll
[0912/153542.132:INFO:crashpad_lib_loader.cc(112)] AddSimpleAnnotation electron_version:19.1.9-dropbox.20240827.b5a386072b.c820295eed39.0
[0912/153542.132:ERROR:crashpad_lib_loader.cc(169)] No crashpad annotations provided
[0912/153742.069:INFO:crashpad_lib_loader.cc(80)] Crashpad lib path: C:\Program Files (x86)\Dropbox\Client\232.4.5926\dropbox_crashpad.dll
[0912/153742.070:INFO:crashpad_lib_loader.cc(112)] AddSimpleAnnotation electron_version:19.1.9-dropbox.20240827.b5a386072b.c820295eed39.0
[0912/153742.070:INFO:crashpad_lib_loader.cc(112)] AddSimpleAnnotation product_name:desktop_client
[0912/153742.070:INFO:crashpad_lib_loader.cc(112)] AddSimpleAnnotation buildid:main
[0912/153742.070:INFO:crashpad_lib_loader.cc(112)] AddSimpleAnnotation buildno:Dropbox-win-232.4.5926
[0912/153742.070:INFO:crashpad_lib_loader.cc(112)] AddSimpleAnnotation platform:win
[0912/153742.070:INFO:crashpad_lib_loader.cc(112)] AddSimpleAnnotation platform_version:11 26100
[0912/153901.574:INFO:crashpad_lib_loader.cc(80)] Crashpad lib path: C:\Program Files (x86)\Dropbox\Client\232.4.5926\dropbox_crashpad.dll
[0912/153901.576:INFO:crashpad_lib_loader.cc(112)] AddSimpleAnnotation electron_version:19.1.9-dropbox.20240827.b5a386072b.c820295eed39.0
[0912/153901.576:ERROR:crashpad_lib_loader.cc(169)] No crashpad annotations provided
[0912/153910.123:INFO:crashpad_lib_loader.cc(80)] Crashpad lib path: C:\Program Files (x86)\Dropbox\Client\232.4.5926\dropbox_crashpad.dll
[0912/153910.125:INFO:crashpad_lib_loader.cc(112)] AddSimpleAnnotation electron_version:19.1.9-dropbox.20240827.b5a386072b.c820295eed39.0
[0912/153910.125:ERROR:crashpad_lib_loader.cc(169)] No crashpad annotations provided
[0912/154110.053:INFO:crashpad_lib_loader.cc(80)] Crashpad lib path: C:\Program Files (x86)\Dropbox\Client\232.4.5926\dropbox_crashpad.dll
[0912/154110.055:INFO:crashpad_lib_loader.cc(112)] AddSimpleAnnotation electron_version:19.1.9-dropbox.20240827.b5a386072b.c820295eed39.0
[0912/154110.055:INFO:crashpad_lib_loader.cc(112)] AddSimpleAnnotation product_name:desktop_client
[0912/154110.055:INFO:crashpad_lib_loader.cc(112)] AddSimpleAnnotation buildid:main
[0912/154110.055:INFO:crashpad_lib_loader.cc(112)] AddSimpleAnnotation buildno:Dropbox-win-232.4.5926
[0912/154110.055:INFO:crashpad_lib_loader.cc(112)] AddSimpleAnnotation platform:win
[0912/154110.055:INFO:crashpad_lib_loader.cc(112)] AddSimpleAnnotation platform_version:11 26100
[0912/155525.928:INFO:crashpad_lib_loader.cc(80)] Crashpad lib path: C:\Program Files (x86)\Dropbox\Client\232.4.5926\dropbox_crashpad.dll
[0912/155525.929:INFO:crashpad_lib_loader.cc(112)] AddSimpleAnnotation electron_version:19.1.9-dropbox.20240827.b5a386072b.c820295eed39.0
[0912/155525.929:ERROR:crashpad_lib_loader.cc(169)] No crashpad annotations provided
[0912/155535.229:INFO:crashpad_lib_loader.cc(80)] Crashpad lib path: C:\Program Files (x86)\Dropbox\Client\232.4.5926\dropbox_crashpad.dll
[0912/155535.242:INFO:crashpad_lib_loader.cc(112)] AddSimpleAnnotation electron_version:19.1.9-dropbox.20240827.b5a386072b.c820295eed39.0
[0912/155535.242:ERROR:crashpad_lib_loader.cc(169)] No crashpad annotations provided
[0912/155555.457:INFO:crashpad_lib_loader.cc(80)] Crashpad lib path: C:\Program Files (x86)\Dropbox\Client\232.4.5926\dropbox_crashpad.dll
[0912/155555.459:INFO:crashpad_lib_loader.cc(112)] AddSimpleAnnotation electron_version:19.1.9-dropbox.20240827.b5a386072b.c820295eed39.0
[0912/155555.459:ERROR:crashpad_lib_loader.cc(169)] No crashpad annotations provided
[0912/155755.382:INFO:crashpad_lib_loader.cc(80)] Crashpad lib path: C:\Program Files (x86)\Dropbox\Client\232.4.5926\dropbox_crashpad.dll
[0912/155755.382:INFO:crashpad_lib_loader.cc(112)] AddSimpleAnnotation electron_version:19.1.9-dropbox.20240827.b5a386072b.c820295eed39.0
[0912/155755.384:INFO:crashpad_lib_loader.cc(112)] AddSimpleAnnotation product_name:desktop_client
[0912/155755.384:INFO:crashpad_lib_loader.cc(112)] AddSimpleAnnotation buildid:main
[0912/155755.384:INFO:crashpad_lib_loader.cc(112)] AddSimpleAnnotation buildno:Dropbox-win-232.4.5926
[0912/155755.384:INFO:crashpad_lib_loader.cc(112)] AddSimpleAnnotation platform:win
[0912/155755.384:INFO:crashpad_lib_loader.cc(112)] AddSimpleAnnotation platform_version:11 26100
[0912/160740.835:INFO:crashpad_lib_loader.cc(80)] Crashpad lib path: C:\Program Files (x86)\Dropbox\Client\232.4.5926\dropbox_crashpad.dll
[0912/160740.836:INFO:crashpad_lib_loader.cc(112)] AddSimpleAnnotation electron_version:19.1.9-dropbox.20240827.b5a386072b.c820295eed39.0
[0912/160740.836:ERROR:crashpad_lib_loader.cc(169)] No crashpad annotations provided
[0912/160748.916:INFO:crashpad_lib_loader.cc(80)] Crashpad lib path: C:\Program Files (x86)\Dropbox\Client\232.4.5926\dropbox_crashpad.dll
[0912/160748.918:INFO:crashpad_lib_loader.cc(112)] AddSimpleAnnotation electron_version:19.1.9-dropbox.20240827.b5a386072b.c820295eed39.0
[0912/160748.918:ERROR:crashpad_lib_loader.cc(169)] No crashpad annotations provided
[0912/160813.345:INFO:crashpad_lib_loader.cc(80)] Crashpad lib path: C:\Program Files (x86)\Dropbox\Client\232.4.5926\dropbox_crashpad.dll
[0912/160813.347:INFO:crashpad_lib_loader.cc(112)] AddSimpleAnnotation electron_version:19.1.9-dropbox.20240827.b5a386072b.c820295eed39.0
[0912/160813.347:ERROR:crashpad_lib_loader.cc(169)] No crashpad annotations provided
[0912/164613.429:INFO:crashpad_lib_loader.cc(80)] Crashpad lib path: C:\Program Files (x86)\Dropbox\Client\232.4.5926\dropbox_crashpad.dll
[0912/164613.431:INFO:crashpad_lib_loader.cc(112)] AddSimpleAnnotation electron_version:19.1.9-dropbox.20240827.b5a386072b.c820295eed39.0
[0912/164613.431:ERROR:crashpad_lib_loader.cc(169)] No crashpad annotations provided
[0912/164713.335:INFO:crashpad_lib_loader.cc(80)] Crashpad lib path: C:\Program Files (x86)\Dropbox\Client\232.4.5926\dropbox_crashpad.dll
[0912/164713.337:INFO:crashpad_lib_loader.cc(112)] AddSimpleAnnotation electron_version:19.1.9-dropbox.20240827.b5a386072b.c820295eed39.0
[0912/164713.337:ERROR:crashpad_lib_loader.cc(169)] No crashpad annotations provided
[0912/164913.287:INFO:crashpad_lib_loader.cc(80)] Crashpad lib path: C:\Program Files (x86)\Dropbox\Client\232.4.5926\dropbox_crashpad.dll
[0912/164913.288:INFO:crashpad_lib_loader.cc(112)] AddSimpleAnnotation electron_version:19.1.9-dropbox.20240827.b5a386072b.c820295eed39.0
[0912/164913.288:INFO:crashpad_lib_loader.cc(112)] AddSimpleAnnotation product_name:desktop_client
[0912/164913.289:INFO:crashpad_lib_loader.cc(112)] AddSimpleAnnotation buildid:main
[0912/164913.289:INFO:crashpad_lib_loader.cc(112)] AddSimpleAnnotation buildno:Dropbox-win-232.4.5926
[0912/164913.289:INFO:crashpad_lib_loader.cc(112)] AddSimpleAnnotation platform:win
[0912/164913.289:INFO:crashpad_lib_loader.cc(112)] AddSimpleAnnotation platform_version:11 26100
[0912/165057.773:INFO:crashpad_lib_loader.cc(80)] Crashpad lib path: C:\Program Files (x86)\Dropbox\Client\232.4.5926\dropbox_crashpad.dll
[0912/165057.775:INFO:crashpad_lib_loader.cc(112)] AddSimpleAnnotation electron_version:19.1.9-dropbox.20240827.b5a386072b.c820295eed39.0
[0912/165057.775:ERROR:crashpad_lib_loader.cc(169)] No crashpad annotations provided
[0912/165341.662:INFO:crashpad_lib_loader.cc(80)] Crashpad lib path: C:\Program Files (x86)\Dropbox\Client\232.4.5926\dropbox_crashpad.dll
[0912/165341.663:INFO:crashpad_lib_loader.cc(112)] AddSimpleAnnotation electron_version:19.1.9-dropbox.20240827.b5a386072b.c820295eed39.0
[0912/165341.663:ERROR:crashpad_lib_loader.cc(169)] No crashpad annotations provided
[0912/165356.139:INFO:crashpad_lib_loader.cc(80)] Crashpad lib path: C:\Program Files (x86)\Dropbox\Client\232.4.5926\dropbox_crashpad.dll
[0912/165356.141:INFO:crashpad_lib_loader.cc(112)] AddSimpleAnnotation electron_version:19.1.9-dropbox.20240827.b5a386072b.c820295eed39.0
[0912/165356.141:ERROR:crashpad_lib_loader.cc(169)] No crashpad annotations provided
[0912/165556.059:INFO:crashpad_lib_loader.cc(80)] Crashpad lib path: C:\Program Files (x86)\Dropbox\Client\232.4.5926\dropbox_crashpad.dll
[0912/165556.061:INFO:crashpad_lib_loader.cc(112)] AddSimpleAnnotation electron_version:19.1.9-dropbox.20240827.b5a386072b.c820295eed39.0
[0912/165556.062:INFO:crashpad_lib_loader.cc(112)] AddSimpleAnnotation product_name:desktop_client
[0912/165556.062:INFO:crashpad_lib_loader.cc(112)] AddSimpleAnnotation buildid:main
[0912/165556.062:INFO:crashpad_lib_loader.cc(112)] AddSimpleAnnotation buildno:Dropbox-win-232.4.5926
[0912/165556.062:INFO:crashpad_lib_loader.cc(112)] AddSimpleAnnotation platform:win
[0912/165556.062:INFO:crashpad_lib_loader.cc(112)] AddSimpleAnnotation platform_version:11 26100
[0912/170715.868:INFO:crashpad_lib_loader.cc(80)] Crashpad lib path: C:\Program Files (x86)\Dropbox\Client\232.4.5926\dropbox_crashpad.dll
[0912/170715.870:INFO:crashpad_lib_loader.cc(112)] AddSimpleAnnotation electron_version:19.1.9-dropbox.20240827.b5a386072b.c820295eed39.0
[0912/170715.870:ERROR:crashpad_lib_loader.cc(169)] No crashpad annotations provided
[0912/172645.819:INFO:crashpad_lib_loader.cc(80)] Crashpad lib path: C:\Program Files (x86)\Dropbox\Client\232.4.5926\dropbox_crashpad.dll
[0912/172645.821:INFO:crashpad_lib_loader.cc(112)] AddSimpleAnnotation electron_version:19.1.9-dropbox.20240827.b5a386072b.c820295eed39.0
[0912/172645.821:ERROR:crashpad_lib_loader.cc(169)] No crashpad annotations provided
[0912/172718.140:INFO:crashpad_lib_loader.cc(80)] Crashpad lib path: C:\Program Files (x86)\Dropbox\Client\232.4.5926\dropbox_crashpad.dll
[0912/172718.142:INFO:crashpad_lib_loader.cc(112)] AddSimpleAnnotation electron_version:19.1.9-dropbox.20240827.b5a386072b.c820295eed39.0
[0912/172718.143:ERROR:crashpad_lib_loader.cc(169)] No crashpad annotations provided
[0912/172748.864:INFO:crashpad_lib_loader.cc(80)] Crashpad lib path: C:\Program Files (x86)\Dropbox\Client\232.4.5926\dropbox_crashpad.dll
[0912/172748.866:INFO:crashpad_lib_loader.cc(112)] AddSimpleAnnotation electron_version:19.1.9-dropbox.20240827.b5a386072b.c820295eed39.0
[0912/172748.866:ERROR:crashpad_lib_loader.cc(169)] No crashpad annotations provided
[0912/172819.658:INFO:crashpad_lib_loader.cc(80)] Crashpad lib path: C:\Program Files (x86)\Dropbox\Client\232.4.5926\dropbox_crashpad.dll
[0912/172819.660:INFO:crashpad_lib_loader.cc(112)] AddSimpleAnnotation electron_version:19.1.9-dropbox.20240827.b5a386072b.c820295eed39.0
[0912/172819.660:ERROR:crashpad_lib_loader.cc(169)] No crashpad annotations provided
[0912/172829.730:INFO:crashpad_lib_loader.cc(80)] Crashpad lib path: C:\Program Files (x86)\Dropbox\Client\232.4.5926\dropbox_crashpad.dll
[0912/172829.733:INFO:crashpad_lib_loader.cc(112)] AddSimpleAnnotation electron_version:19.1.9-dropbox.20240827.b5a386072b.c820295eed39.0
[0912/172829.733:ERROR:crashpad_lib_loader.cc(169)] No crashpad annotations provided
[0912/173029.671:INFO:crashpad_lib_loader.cc(80)] Crashpad lib path: C:\Program Files (x86)\Dropbox\Client\232.4.5926\dropbox_crashpad.dll
[0912/173029.672:INFO:crashpad_lib_loader.cc(112)] AddSimpleAnnotation electron_version:19.1.9-dropbox.20240827.b5a386072b.c820295eed39.0
[0912/173029.672:INFO:crashpad_lib_loader.cc(112)] AddSimpleAnnotation product_name:desktop_client
[0912/173029.672:INFO:crashpad_lib_loader.cc(112)] AddSimpleAnnotation buildid:main
[0912/173029.672:INFO:crashpad_lib_loader.cc(112)] AddSimpleAnnotation buildno:Dropbox-win-232.4.5926
[0912/173029.672:INFO:crashpad_lib_loader.cc(112)] AddSimpleAnnotation platform:win
[0912/173029.672:INFO:crashpad_lib_loader.cc(112)] AddSimpleAnnotation platform_version:11 26100
[0912/173125.527:INFO:crashpad_lib_loader.cc(80)] Crashpad lib path: C:\Program Files (x86)\Dropbox\Client\232.4.5926\dropbox_crashpad.dll
[0912/173125.528:INFO:crashpad_lib_loader.cc(112)] AddSimpleAnnotation electron_version:19.1.9-dropbox.20240827.b5a386072b.c820295eed39.0
[0912/173125.528:ERROR:crashpad_lib_loader.cc(169)] No crashpad annotations provided
[0912/173237.473:INFO:crashpad_lib_loader.cc(80)] Crashpad lib path: C:\Program Files (x86)\Dropbox\Client\232.4.5926\dropbox_crashpad.dll
[0912/173237.475:INFO:crashpad_lib_loader.cc(112)] AddSimpleAnnotation electron_version:19.1.9-dropbox.20240827.b5a386072b.c820295eed39.0
[0912/173237.475:ERROR:crashpad_lib_loader.cc(169)] No crashpad annotations provided
[0912/173243.705:INFO:crashpad_lib_loader.cc(80)] Crashpad lib path: C:\Program Files (x86)\Dropbox\Client\232.4.5926\dropbox_crashpad.dll
[0912/173243.707:INFO:crashpad_lib_loader.cc(112)] AddSimpleAnnotation electron_version:19.1.9-dropbox.20240827.b5a386072b.c820295eed39.0
[0912/173243.707:ERROR:crashpad_lib_loader.cc(169)] No crashpad annotations provided
[0912/173252.143:INFO:crashpad_lib_loader.cc(80)] Crashpad lib path: C:\Program Files (x86)\Dropbox\Client\232.4.5926\dropbox_crashpad.dll
[0912/173252.145:INFO:crashpad_lib_loader.cc(112)] AddSimpleAnnotation electron_version:19.1.9-dropbox.20240827.b5a386072b.c820295eed39.0
[0912/173252.145:ERROR:crashpad_lib_loader.cc(169)] No crashpad annotations provided
[0912/173359.075:INFO:crashpad_lib_loader.cc(80)] Crashpad lib path: C:\Program Files (x86)\Dropbox\Client\232.4.5926\dropbox_crashpad.dll
[0912/173359.076:INFO:crashpad_lib_loader.cc(112)] AddSimpleAnnotation electron_version:19.1.9-dropbox.20240827.b5a386072b.c820295eed39.0
[0912/173359.076:ERROR:crashpad_lib_loader.cc(169)] No crashpad annotations provided
[0912/173535.927:INFO:crashpad_lib_loader.cc(80)] Crashpad lib path: C:\Program Files (x86)\Dropbox\Client\232.4.5926\dropbox_crashpad.dll
[0912/173535.929:INFO:crashpad_lib_loader.cc(112)] AddSimpleAnnotation electron_version:19.1.9-dropbox.20240827.b5a386072b.c820295eed39.0
[0912/173535.929:ERROR:crashpad_lib_loader.cc(169)] No crashpad annotations provided
[0912/173543.118:INFO:crashpad_lib_loader.cc(80)] Crashpad lib path: C:\Program Files (x86)\Dropbox\Client\232.4.5926\dropbox_crashpad.dll
[0912/173543.120:INFO:crashpad_lib_loader.cc(112)] AddSimpleAnnotation electron_version:19.1.9-dropbox.20240827.b5a386072b.c820295eed39.0
[0912/173543.120:ERROR:crashpad_lib_loader.cc(169)] No crashpad annotations provided
[0912/173603.047:INFO:crashpad_lib_loader.cc(80)] Crashpad lib path: C:\Program Files (x86)\Dropbox\Client\232.4.5926\dropbox_crashpad.dll
[0912/173603.049:INFO:crashpad_lib_loader.cc(112)] AddSimpleAnnotation electron_version:19.1.9-dropbox.20240827.b5a386072b.c820295eed39.0
[0912/173603.049:ERROR:crashpad_lib_loader.cc(169)] No crashpad annotations provided
[0912/173635.349:INFO:crashpad_lib_loader.cc(80)] Crashpad lib path: C:\Program Files (x86)\Dropbox\Client\232.4.5926\dropbox_crashpad.dll
[0912/173635.351:INFO:crashpad_lib_loader.cc(112)] AddSimpleAnnotation electron_version:19.1.9-dropbox.20240827.b5a386072b.c820295eed39.0
[0912/173635.351:ERROR:crashpad_lib_loader.cc(169)] No crashpad annotations provided
[0912/173644.517:INFO:crashpad_lib_loader.cc(80)] Crashpad lib path: C:\Program Files (x86)\Dropbox\Client\232.4.5926\dropbox_crashpad.dll
[0912/173644.520:INFO:crashpad_lib_loader.cc(112)] AddSimpleAnnotation electron_version:19.1.9-dropbox.20240827.b5a386072b.c820295eed39.0
[0912/173644.520:ERROR:crashpad_lib_loader.cc(169)] No crashpad annotations provided
